<?xml version="1.0" encoding="UTF-8"?>
<!-- Generated by org.testng.reporters.JUnitXMLReporter -->
<testsuite hostname="DESKTOP-GTD4HR3" ignored="0" name="Default test" tests="6" failures="0" timestamp="03 Mar 2019 20:57:13 GMT" time="58.094" errors="0">
  <testcase name="googleTitleTest" time="0.064" classname="com.test.GoogleTest"/>
  <testcase name="googleLogoTest" time="0.271" classname="com.test.GoogleTest"/>
  <testcase name="mailLinkTest" time="0.173" classname="com.test.GoogleTest"/>
  <testcase name="test1" time="0.003" classname="com.test.GoogleTest"/>
  <testcase name="test2" time="0.001" classname="com.test.GoogleTest"/>
  <testcase name="test3" time="0.003" classname="com.test.GoogleTest"/>
</testsuite> <!-- Default test -->
