<?xml version="1.0" encoding="UTF-8"?>
<!-- Generated by org.testng.reporters.JUnitXMLReporter -->
<testsuite hostname="DESKTOP-GTD4HR3" ignored="0" name="Demo TestNG" tests="4" failures="0" timestamp="20 Feb 2019 00:59:42 GMT" time="0.062" errors="0">
  <testcase name="googleLogouTest" time="0.009" classname="com.test.TestNgBasics"/>
  <testcase name="googleTitleTest" time="0.002" classname="com.test.TestNgBasics"/>
  <testcase name="searchTest" time="0.004" classname="com.test.TestNgBasics"/>
  <testcase name="loginTest" time="0.001" classname="com.test.TestNGFeatures"/>
</testsuite> <!-- Demo TestNG -->
